<?xml version="1.0" encoding="UTF-8"?>
<!-- Generated by org.testng.reporters.JUnitReportReporter -->
<testsuite skipped="0" hostname="DESKTOP-LJ62Q42" name="msgdemo.TestCase3" tests="1" failures="0" timestamp="2020-09-07T17:08:46 IST" time="31.274" errors="0">
  <testcase name="test3" time="31.274" classname="msgdemo.TestCase3"/>
  <system-out/>
</testsuite> <!-- msgdemo.TestCase3 -->
